<?xml version="1.0" encoding="UTF-8"?>
<!-- Generated by org.testng.reporters.JUnitReportReporter -->
<testsuite hostname="Satyam" failures="0" tests="3" name="Test.APITest" time="9.835" errors="0" timestamp="2020-11-03T21:59:09 IST" skipped="0">
  <testcase classname="Test.APITest" name="Validate_Weather_API" time="3.217"/>
  <system-out/>
  <testcase classname="Test.APITest" name="Validate_Weather_API" time="3.402"/>
  <system-out/>
  <testcase classname="Test.APITest" name="Validate_Weather_API" time="3.216"/>
  <system-out/>
</testsuite> <!-- Test.APITest -->
