<?xml version="1.0" encoding="UTF-8"?>
<!-- Generated by org.testng.reporters.JUnitReportReporter -->
<testsuite hostname="Satyam" failures="0" tests="2" name="Test.UITest" time="33.545" errors="0" timestamp="2020-11-03T18:26:35 IST" skipped="0">
  <testcase classname="Test.UITest" name="Validate_Weather_Functionality" time="16.988"/>
  <system-out/>
  <testcase classname="Test.UITest" name="Validate_Weather_Functionality" time="16.557"/>
  <system-out/>
</testsuite> <!-- Test.UITest -->
