<?xml version="1.0" encoding="UTF-8"?>
<!-- Generated by org.testng.reporters.JUnitReportReporter -->
<testsuite hostname="Satyam" failures="0" tests="3" name="Test.APITest" time="10.359" errors="0" timestamp="2020-11-03T17:38:19 IST" skipped="0">
  <testcase classname="Test.APITest" name="Validate_Weather_API" time="3.453"/>
  <system-out/>
  <testcase classname="Test.APITest" name="Validate_Weather_API" time="3.453"/>
  <system-out/>
  <testcase classname="Test.APITest" name="Validate_Weather_API" time="3.453"/>
  <system-out/>
</testsuite> <!-- Test.APITest -->
