<?xml version="1.0" encoding="UTF-8"?>
<!-- Generated by org.testng.reporters.JUnitReportReporter -->
<testsuite hostname="Satyam" failures="0" tests="3" name="Test.RestTest" time="4.265" errors="0" timestamp="2020-11-03T16:53:24 IST" skipped="0">
  <testcase classname="Test.RestTest" name="Bangalore" time="0.518"/>
  <system-out/>
  <testcase classname="Test.RestTest" name="Lucknow" time="0.574"/>
  <system-out/>
  <testcase classname="Test.RestTest" name="Allahabad" time="3.173"/>
  <system-out/>
</testsuite> <!-- Test.RestTest -->
